[18/03/2021 21:44:40] error: vulcand/oxy/forward/websocket: Error when copying from client to backend: websocket: close 1006 (abnormal closure): unexpected EOF
[18/03/2021 21:45:16] error: vulcand/oxy/forward/websocket: Error when copying from client to backend: websocket: close 1006 (abnormal closure): unexpected EOF
[18/03/2021 21:45:20] error: vulcand/oxy/forward/websocket: Error when copying from client to backend: websocket: close 1006 (abnormal closure): unexpected EOF
[18/03/2021 21:45:36] error: vulcand/oxy/forward/websocket: Error dialing "loreal.aptero.co": websocket: bad handshake with resp: 502 502 Bad Gateway
[18/03/2021 21:45:43] error: vulcand/oxy/forward/websocket: Error when copying from client to backend: websocket: close 1006 (abnormal closure): unexpected EOF
[18/03/2021 21:45:59] error: vulcand/oxy/forward/websocket: Error when copying from backend to client: websocket: close 1006 (abnormal closure): unexpected EOF
[18/03/2021 21:46:32] error: vulcand/oxy/forward/websocket: Error when copying from client to backend: websocket: close 1006 (abnormal closure): unexpected EOF
[18/03/2021 21:47:02] error: vulcand/oxy/forward/websocket: Error when copying from client to backend: websocket: close 1006 (abnormal closure): unexpected EOF
[18/03/2021 21:47:09] error: Error renewing certificate from LE: {funnychain.co [www.funnychain.co]}, acme: Error -> One or more domains had a problem:
[funnychain.co] acme: error: 403 :: urn:ietf:params:acme:error:unauthorized :: Cannot negotiate ALPN protocol "acme-tls/1" for tls-alpn-01 challenge, url: 
[www.funnychain.co] acme: error: 403 :: urn:ietf:params:acme:error:unauthorized :: Cannot negotiate ALPN protocol "acme-tls/1" for tls-alpn-01 challenge, url: 
[18/03/2021 21:47:19] error: vulcand/oxy/forward/websocket: Error when copying from client to backend: read tcp 172.18.0.2:443->90.46.152.166:63026: read: connection reset by peer
[18/03/2021 21:44:06] warning: Deprecated configuration found: traefik.frontend.auth.basic. Please use traefik.frontend.auth.basic.users.
[18/03/2021 21:44:07] warning: Deprecated configuration found: traefik.frontend.auth.basic. Please use traefik.frontend.auth.basic.users.
[18/03/2021 21:44:07] warning: Deprecated configuration found: traefik.frontend.auth.basic. Please use traefik.frontend.auth.basic.users.
[18/03/2021 21:44:08] warning: Deprecated configuration found: traefik.frontend.auth.basic. Please use traefik.frontend.auth.basic.users.
[18/03/2021 21:44:09] warning: Deprecated configuration found: traefik.frontend.auth.basic. Please use traefik.frontend.auth.basic.users.
[18/03/2021 21:44:10] warning: Deprecated configuration found: traefik.frontend.auth.basic. Please use traefik.frontend.auth.basic.users.
[18/03/2021 21:44:11] warning: Deprecated configuration found: traefik.frontend.auth.basic. Please use traefik.frontend.auth.basic.users.
[18/03/2021 21:44:13] warning: Deprecated configuration found: traefik.frontend.auth.basic. Please use traefik.frontend.auth.basic.users.
[18/03/2021 21:44:14] warning: Deprecated configuration found: traefik.frontend.auth.basic. Please use traefik.frontend.auth.basic.users.
[18/03/2021 21:44:14] warning: Deprecated configuration found: traefik.frontend.auth.basic. Please use traefik.frontend.auth.basic.users.
[18/03/2021 21:44:14] warning: Deprecated configuration found: traefik.frontend.auth.basic. Please use traefik.frontend.auth.basic.users.
[18/03/2021 21:44:15] warning: Deprecated configuration found: traefik.frontend.auth.basic. Please use traefik.frontend.auth.basic.users.
[18/03/2021 21:44:16] warning: Deprecated configuration found: traefik.frontend.auth.basic. Please use traefik.frontend.auth.basic.users.
[18/03/2021 21:44:17] warning: Deprecated configuration found: traefik.frontend.auth.basic. Please use traefik.frontend.auth.basic.users.
[18/03/2021 21:44:17] warning: Deprecated configuration found: traefik.frontend.auth.basic. Please use traefik.frontend.auth.basic.users.
[18/03/2021 21:44:19] warning: Deprecated configuration found: traefik.frontend.auth.basic. Please use traefik.frontend.auth.basic.users.
[18/03/2021 21:44:21] warning: Deprecated configuration found: traefik.frontend.auth.basic. Please use traefik.frontend.auth.basic.users.
[18/03/2021 21:44:22] warning: Deprecated configuration found: traefik.frontend.auth.basic. Please use traefik.frontend.auth.basic.users.
[18/03/2021 21:44:23] warning: Deprecated configuration found: traefik.frontend.auth.basic. Please use traefik.frontend.auth.basic.users.
[18/03/2021 21:44:23] warning: Deprecated configuration found: traefik.frontend.auth.basic. Please use traefik.frontend.auth.basic.users.
[18/03/2021 21:44:24] warning: Deprecated configuration found: traefik.frontend.auth.basic. Please use traefik.frontend.auth.basic.users.
[18/03/2021 21:44:24] warning: Deprecated configuration found: traefik.frontend.auth.basic. Please use traefik.frontend.auth.basic.users.
[18/03/2021 21:44:27] warning: Deprecated configuration found: traefik.frontend.auth.basic. Please use traefik.frontend.auth.basic.users.
[18/03/2021 21:44:28] warning: Deprecated configuration found: traefik.frontend.auth.basic. Please use traefik.frontend.auth.basic.users.
[18/03/2021 21:44:30] warning: Deprecated configuration found: traefik.frontend.auth.basic. Please use traefik.frontend.auth.basic.users.
[18/03/2021 21:44:31] warning: Deprecated configuration found: traefik.frontend.auth.basic. Please use traefik.frontend.auth.basic.users.
[18/03/2021 21:44:32] warning: Deprecated configuration found: traefik.frontend.auth.basic. Please use traefik.frontend.auth.basic.users.
[18/03/2021 21:44:34] warning: Deprecated configuration found: traefik.frontend.auth.basic. Please use traefik.frontend.auth.basic.users.
[18/03/2021 21:44:36] warning: Deprecated configuration found: traefik.frontend.auth.basic. Please use traefik.frontend.auth.basic.users.
[18/03/2021 21:44:40] warning: Deprecated configuration found: traefik.frontend.auth.basic. Please use traefik.frontend.auth.basic.users.
[18/03/2021 21:44:40] warning: Deprecated configuration found: traefik.frontend.auth.basic. Please use traefik.frontend.auth.basic.users.
[18/03/2021 21:44:42] warning: Deprecated configuration found: traefik.frontend.auth.basic. Please use traefik.frontend.auth.basic.users.
[18/03/2021 21:44:45] warning: Deprecated configuration found: traefik.frontend.auth.basic. Please use traefik.frontend.auth.basic.users.
[18/03/2021 21:44:46] warning: Deprecated configuration found: traefik.frontend.auth.basic. Please use traefik.frontend.auth.basic.users.
[18/03/2021 21:44:46] warning: Deprecated configuration found: traefik.frontend.auth.basic. Please use traefik.frontend.auth.basic.users.
[18/03/2021 21:44:48] warning: Deprecated configuration found: traefik.frontend.auth.basic. Please use traefik.frontend.auth.basic.users.
[18/03/2021 21:44:49] warning: Deprecated configuration found: traefik.frontend.auth.basic. Please use traefik.frontend.auth.basic.users.
[18/03/2021 21:44:50] warning: Deprecated configuration found: traefik.frontend.auth.basic. Please use traefik.frontend.auth.basic.users.
[18/03/2021 21:44:51] warning: Deprecated configuration found: traefik.frontend.auth.basic. Please use traefik.frontend.auth.basic.users.
[18/03/2021 21:44:52] warning: Deprecated configuration found: traefik.frontend.auth.basic. Please use traefik.frontend.auth.basic.users.
[18/03/2021 21:44:54] warning: Deprecated configuration found: traefik.frontend.auth.basic. Please use traefik.frontend.auth.basic.users.
[18/03/2021 21:44:55] warning: Deprecated configuration found: traefik.frontend.auth.basic. Please use traefik.frontend.auth.basic.users.
[18/03/2021 21:44:56] warning: Deprecated configuration found: traefik.frontend.auth.basic. Please use traefik.frontend.auth.basic.users.
[18/03/2021 21:44:57] warning: Deprecated configuration found: traefik.frontend.auth.basic. Please use traefik.frontend.auth.basic.users.
[18/03/2021 21:44:57] warning: Deprecated configuration found: traefik.frontend.auth.basic. Please use traefik.frontend.auth.basic.users.
[18/03/2021 21:45:00] warning: Deprecated configuration found: traefik.frontend.auth.basic. Please use traefik.frontend.auth.basic.users.
[18/03/2021 21:45:01] warning: Deprecated configuration found: traefik.frontend.auth.basic. Please use traefik.frontend.auth.basic.users.
[18/03/2021 21:45:01] warning: Deprecated configuration found: traefik.frontend.auth.basic. Please use traefik.frontend.auth.basic.users.
[18/03/2021 21:45:02] warning: Deprecated configuration found: traefik.frontend.auth.basic. Please use traefik.frontend.auth.basic.users.
[18/03/2021 21:45:04] warning: Deprecated configuration found: traefik.frontend.auth.basic. Please use traefik.frontend.auth.basic.users.
[18/03/2021 21:45:04] warning: Deprecated configuration found: traefik.frontend.auth.basic. Please use traefik.frontend.auth.basic.users.
[18/03/2021 21:45:06] warning: Deprecated configuration found: traefik.frontend.auth.basic. Please use traefik.frontend.auth.basic.users.
[18/03/2021 21:45:07] warning: Deprecated configuration found: traefik.frontend.auth.basic. Please use traefik.frontend.auth.basic.users.
[18/03/2021 21:45:09] warning: Deprecated configuration found: traefik.frontend.auth.basic. Please use traefik.frontend.auth.basic.users.
[18/03/2021 21:45:09] warning: Deprecated configuration found: traefik.frontend.auth.basic. Please use traefik.frontend.auth.basic.users.
[18/03/2021 21:45:11] warning: Deprecated configuration found: traefik.frontend.auth.basic. Please use traefik.frontend.auth.basic.users.
[18/03/2021 21:45:13] warning: Deprecated configuration found: traefik.frontend.auth.basic. Please use traefik.frontend.auth.basic.users.
[18/03/2021 21:45:13] warning: Deprecated configuration found: traefik.frontend.auth.basic. Please use traefik.frontend.auth.basic.users.
[18/03/2021 21:45:14] warning: Deprecated configuration found: traefik.frontend.auth.basic. Please use traefik.frontend.auth.basic.users.
[18/03/2021 21:45:16] warning: Deprecated configuration found: traefik.frontend.auth.basic. Please use traefik.frontend.auth.basic.users.
[18/03/2021 21:45:18] warning: Deprecated configuration found: traefik.frontend.auth.basic. Please use traefik.frontend.auth.basic.users.
[18/03/2021 21:45:21] warning: Deprecated configuration found: traefik.frontend.auth.basic. Please use traefik.frontend.auth.basic.users.
[18/03/2021 21:45:23] warning: Deprecated configuration found: traefik.frontend.auth.basic. Please use traefik.frontend.auth.basic.users.
[18/03/2021 21:45:24] warning: Deprecated configuration found: traefik.frontend.auth.basic. Please use traefik.frontend.auth.basic.users.
[18/03/2021 21:45:24] warning: Deprecated configuration found: traefik.frontend.auth.basic. Please use traefik.frontend.auth.basic.users.
[18/03/2021 21:45:25] warning: Deprecated configuration found: traefik.frontend.auth.basic. Please use traefik.frontend.auth.basic.users.
[18/03/2021 21:45:26] warning: Deprecated configuration found: traefik.frontend.auth.basic. Please use traefik.frontend.auth.basic.users.
[18/03/2021 21:45:30] warning: Deprecated configuration found: traefik.frontend.auth.basic. Please use traefik.frontend.auth.basic.users.
[18/03/2021 21:45:30] warning: Deprecated configuration found: traefik.frontend.auth.basic. Please use traefik.frontend.auth.basic.users.
[18/03/2021 21:45:32] warning: Deprecated configuration found: traefik.frontend.auth.basic. Please use traefik.frontend.auth.basic.users.
[18/03/2021 21:45:33] warning: Deprecated configuration found: traefik.frontend.auth.basic. Please use traefik.frontend.auth.basic.users.
[18/03/2021 21:45:33] warning: Deprecated configuration found: traefik.frontend.auth.basic. Please use traefik.frontend.auth.basic.users.
[18/03/2021 21:45:35] warning: Deprecated configuration found: traefik.frontend.auth.basic. Please use traefik.frontend.auth.basic.users.
[18/03/2021 21:45:36] warning: Deprecated configuration found: traefik.frontend.auth.basic. Please use traefik.frontend.auth.basic.users.
[18/03/2021 21:45:37] warning: Deprecated configuration found: traefik.frontend.auth.basic. Please use traefik.frontend.auth.basic.users.
[18/03/2021 21:45:41] warning: Deprecated configuration found: traefik.frontend.auth.basic. Please use traefik.frontend.auth.basic.users.
[18/03/2021 21:45:42] warning: Deprecated configuration found: traefik.frontend.auth.basic. Please use traefik.frontend.auth.basic.users.
[18/03/2021 21:45:42] warning: Deprecated configuration found: traefik.frontend.auth.basic. Please use traefik.frontend.auth.basic.users.
[18/03/2021 21:45:43] warning: Deprecated configuration found: traefik.frontend.auth.basic. Please use traefik.frontend.auth.basic.users.
[18/03/2021 21:45:45] warning: Deprecated configuration found: traefik.frontend.auth.basic. Please use traefik.frontend.auth.basic.users.
[18/03/2021 21:45:46] warning: Deprecated configuration found: traefik.frontend.auth.basic. Please use traefik.frontend.auth.basic.users.
[18/03/2021 21:45:46] warning: Deprecated configuration found: traefik.frontend.auth.basic. Please use traefik.frontend.auth.basic.users.
[18/03/2021 21:45:47] warning: Deprecated configuration found: traefik.frontend.auth.basic. Please use traefik.frontend.auth.basic.users.
[18/03/2021 21:45:48] warning: Deprecated configuration found: traefik.frontend.auth.basic. Please use traefik.frontend.auth.basic.users.
[18/03/2021 21:45:50] warning: Deprecated configuration found: traefik.frontend.auth.basic. Please use traefik.frontend.auth.basic.users.
[18/03/2021 21:45:51] warning: Deprecated configuration found: traefik.frontend.auth.basic. Please use traefik.frontend.auth.basic.users.
[18/03/2021 21:45:52] warning: Deprecated configuration found: traefik.frontend.auth.basic. Please use traefik.frontend.auth.basic.users.
[18/03/2021 21:45:52] warning: Deprecated configuration found: traefik.frontend.auth.basic. Please use traefik.frontend.auth.basic.users.
[18/03/2021 21:45:53] warning: Deprecated configuration found: traefik.frontend.auth.basic. Please use traefik.frontend.auth.basic.users.
[18/03/2021 21:45:55] warning: Deprecated configuration found: traefik.frontend.auth.basic. Please use traefik.frontend.auth.basic.users.
[18/03/2021 21:45:57] warning: Deprecated configuration found: traefik.frontend.auth.basic. Please use traefik.frontend.auth.basic.users.
[18/03/2021 21:45:57] warning: Deprecated configuration found: traefik.frontend.auth.basic. Please use traefik.frontend.auth.basic.users.
[18/03/2021 21:45:57] warning: Deprecated configuration found: traefik.frontend.auth.basic. Please use traefik.frontend.auth.basic.users.
[18/03/2021 21:45:58] warning: Deprecated configuration found: traefik.frontend.auth.basic. Please use traefik.frontend.auth.basic.users.
[18/03/2021 21:45:58] warning: Deprecated configuration found: traefik.frontend.auth.basic. Please use traefik.frontend.auth.basic.users.
[18/03/2021 21:45:59] warning: Deprecated configuration found: traefik.frontend.auth.basic. Please use traefik.frontend.auth.basic.users.
[18/03/2021 21:46:01] warning: Deprecated configuration found: traefik.frontend.auth.basic. Please use traefik.frontend.auth.basic.users.
[18/03/2021 21:46:02] warning: Deprecated configuration found: traefik.frontend.auth.basic. Please use traefik.frontend.auth.basic.users.
[18/03/2021 21:46:03] warning: Deprecated configuration found: traefik.frontend.auth.basic. Please use traefik.frontend.auth.basic.users.
[18/03/2021 21:46:03] warning: Deprecated configuration found: traefik.frontend.auth.basic. Please use traefik.frontend.auth.basic.users.
[18/03/2021 21:46:04] warning: Deprecated configuration found: traefik.frontend.auth.basic. Please use traefik.frontend.auth.basic.users.
[18/03/2021 21:46:06] warning: Deprecated configuration found: traefik.frontend.auth.basic. Please use traefik.frontend.auth.basic.users.
[18/03/2021 21:46:08] warning: Deprecated configuration found: traefik.frontend.auth.basic. Please use traefik.frontend.auth.basic.users.
[18/03/2021 21:46:09] warning: Deprecated configuration found: traefik.frontend.auth.basic. Please use traefik.frontend.auth.basic.users.
[18/03/2021 21:46:11] warning: Deprecated configuration found: traefik.frontend.auth.basic. Please use traefik.frontend.auth.basic.users.
[18/03/2021 21:46:13] warning: Deprecated configuration found: traefik.frontend.auth.basic. Please use traefik.frontend.auth.basic.users.
[18/03/2021 21:46:14] warning: Deprecated configuration found: traefik.frontend.auth.basic. Please use traefik.frontend.auth.basic.users.
[18/03/2021 21:46:15] warning: Deprecated configuration found: traefik.frontend.auth.basic. Please use traefik.frontend.auth.basic.users.
[18/03/2021 21:46:16] warning: Deprecated configuration found: traefik.frontend.auth.basic. Please use traefik.frontend.auth.basic.users.
[18/03/2021 21:46:20] warning: Deprecated configuration found: traefik.frontend.auth.basic. Please use traefik.frontend.auth.basic.users.
[18/03/2021 21:46:23] warning: Deprecated configuration found: traefik.frontend.auth.basic. Please use traefik.frontend.auth.basic.users.
[18/03/2021 21:46:26] warning: Deprecated configuration found: traefik.frontend.auth.basic. Please use traefik.frontend.auth.basic.users.
[18/03/2021 21:46:27] warning: Deprecated configuration found: traefik.frontend.auth.basic. Please use traefik.frontend.auth.basic.users.
[18/03/2021 21:46:27] warning: Deprecated configuration found: traefik.frontend.auth.basic. Please use traefik.frontend.auth.basic.users.
[18/03/2021 21:46:28] warning: Deprecated configuration found: traefik.frontend.auth.basic. Please use traefik.frontend.auth.basic.users.
[18/03/2021 21:46:28] warning: Deprecated configuration found: traefik.frontend.auth.basic. Please use traefik.frontend.auth.basic.users.
[18/03/2021 21:46:29] warning: Deprecated configuration found: traefik.frontend.auth.basic. Please use traefik.frontend.auth.basic.users.
[18/03/2021 21:46:30] warning: Deprecated configuration found: traefik.frontend.auth.basic. Please use traefik.frontend.auth.basic.users.
[18/03/2021 21:46:31] warning: Deprecated configuration found: traefik.frontend.auth.basic. Please use traefik.frontend.auth.basic.users.
[18/03/2021 21:46:33] warning: Deprecated configuration found: traefik.frontend.auth.basic. Please use traefik.frontend.auth.basic.users.
[18/03/2021 21:46:34] warning: Deprecated configuration found: traefik.frontend.auth.basic. Please use traefik.frontend.auth.basic.users.
[18/03/2021 21:46:34] warning: Deprecated configuration found: traefik.frontend.auth.basic. Please use traefik.frontend.auth.basic.users.
[18/03/2021 21:46:35] warning: Deprecated configuration found: traefik.frontend.auth.basic. Please use traefik.frontend.auth.basic.users.
[18/03/2021 21:46:38] warning: Deprecated configuration found: traefik.frontend.auth.basic. Please use traefik.frontend.auth.basic.users.
[18/03/2021 21:46:38] warning: Deprecated configuration found: traefik.frontend.auth.basic. Please use traefik.frontend.auth.basic.users.
[18/03/2021 21:46:38] warning: Deprecated configuration found: traefik.frontend.auth.basic. Please use traefik.frontend.auth.basic.users.
[18/03/2021 21:46:39] warning: Deprecated configuration found: traefik.frontend.auth.basic. Please use traefik.frontend.auth.basic.users.
[18/03/2021 21:46:40] warning: Deprecated configuration found: traefik.frontend.auth.basic. Please use traefik.frontend.auth.basic.users.
[18/03/2021 21:46:40] warning: Deprecated configuration found: traefik.frontend.auth.basic. Please use traefik.frontend.auth.basic.users.
[18/03/2021 21:46:41] warning: Deprecated configuration found: traefik.frontend.auth.basic. Please use traefik.frontend.auth.basic.users.
[18/03/2021 21:46:42] warning: Deprecated configuration found: traefik.frontend.auth.basic. Please use traefik.frontend.auth.basic.users.
[18/03/2021 21:46:42] warning: Deprecated configuration found: traefik.frontend.auth.basic. Please use traefik.frontend.auth.basic.users.
[18/03/2021 21:46:44] warning: Deprecated configuration found: traefik.frontend.auth.basic. Please use traefik.frontend.auth.basic.users.
[18/03/2021 21:46:45] warning: Deprecated configuration found: traefik.frontend.auth.basic. Please use traefik.frontend.auth.basic.users.
[18/03/2021 21:46:46] warning: Deprecated configuration found: traefik.frontend.auth.basic. Please use traefik.frontend.auth.basic.users.
[18/03/2021 21:46:47] warning: Deprecated configuration found: traefik.frontend.auth.basic. Please use traefik.frontend.auth.basic.users.
[18/03/2021 21:46:48] warning: Deprecated configuration found: traefik.frontend.auth.basic. Please use traefik.frontend.auth.basic.users.
[18/03/2021 21:46:48] warning: Deprecated configuration found: traefik.frontend.auth.basic. Please use traefik.frontend.auth.basic.users.
[18/03/2021 21:46:48] warning: Deprecated configuration found: traefik.frontend.auth.basic. Please use traefik.frontend.auth.basic.users.
[18/03/2021 21:46:49] warning: Deprecated configuration found: traefik.frontend.auth.basic. Please use traefik.frontend.auth.basic.users.
[18/03/2021 21:46:50] warning: Deprecated configuration found: traefik.frontend.auth.basic. Please use traefik.frontend.auth.basic.users.
[18/03/2021 21:46:51] warning: Deprecated configuration found: traefik.frontend.auth.basic. Please use traefik.frontend.auth.basic.users.
[18/03/2021 21:46:55] warning: Deprecated configuration found: traefik.frontend.auth.basic. Please use traefik.frontend.auth.basic.users.
[18/03/2021 21:46:58] warning: Deprecated configuration found: traefik.frontend.auth.basic. Please use traefik.frontend.auth.basic.users.
[18/03/2021 21:47:04] warning: Deprecated configuration found: traefik.frontend.auth.basic. Please use traefik.frontend.auth.basic.users.
[18/03/2021 21:47:06] warning: Deprecated configuration found: traefik.frontend.auth.basic. Please use traefik.frontend.auth.basic.users.
[18/03/2021 21:47:08] warning: Deprecated configuration found: traefik.frontend.auth.basic. Please use traefik.frontend.auth.basic.users.
[18/03/2021 21:47:08] warning: Deprecated configuration found: traefik.frontend.auth.basic. Please use traefik.frontend.auth.basic.users.
[18/03/2021 21:47:11] warning: Deprecated configuration found: traefik.frontend.auth.basic. Please use traefik.frontend.auth.basic.users.
[18/03/2021 21:47:13] warning: Deprecated configuration found: traefik.frontend.auth.basic. Please use traefik.frontend.auth.basic.users.
[18/03/2021 21:47:14] warning: Deprecated configuration found: traefik.frontend.auth.basic. Please use traefik.frontend.auth.basic.users.
[18/03/2021 21:47:14] warning: Deprecated configuration found: traefik.frontend.auth.basic. Please use traefik.frontend.auth.basic.users.
[18/03/2021 21:47:15] warning: Deprecated configuration found: traefik.frontend.auth.basic. Please use traefik.frontend.auth.basic.users.
[18/03/2021 21:47:15] warning: Deprecated configuration found: traefik.frontend.auth.basic. Please use traefik.frontend.auth.basic.users.
[18/03/2021 21:47:16] warning: Deprecated configuration found: traefik.frontend.auth.basic. Please use traefik.frontend.auth.basic.users.
[18/03/2021 21:47:17] warning: Deprecated configuration found: traefik.frontend.auth.basic. Please use traefik.frontend.auth.basic.users.
[18/03/2021 21:47:17] warning: Deprecated configuration found: traefik.frontend.auth.basic. Please use traefik.frontend.auth.basic.users.
[18/03/2021 21:47:19] warning: Deprecated configuration found: traefik.frontend.auth.basic. Please use traefik.frontend.auth.basic.users.
[18/03/2021 21:47:20] warning: Deprecated configuration found: traefik.frontend.auth.basic. Please use traefik.frontend.auth.basic.users.
[18/03/2021 21:47:21] warning: Deprecated configuration found: traefik.frontend.auth.basic. Please use traefik.frontend.auth.basic.users.
[18/03/2021 21:47:22] warning: Deprecated configuration found: traefik.frontend.auth.basic. Please use traefik.frontend.auth.basic.users.
[18/03/2021 21:47:22] warning: Deprecated configuration found: traefik.frontend.auth.basic. Please use traefik.frontend.auth.basic.users.
[18/03/2021 21:47:24] warning: Deprecated configuration found: traefik.frontend.auth.basic. Please use traefik.frontend.auth.basic.users.
[18/03/2021 21:47:25] warning: Deprecated configuration found: traefik.frontend.auth.basic. Please use traefik.frontend.auth.basic.users.
[18/03/2021 21:47:28] warning: Deprecated configuration found: traefik.frontend.auth.basic. Please use traefik.frontend.auth.basic.users.
[18/03/2021 21:47:31] warning: Deprecated configuration found: traefik.frontend.auth.basic. Please use traefik.frontend.auth.basic.users.
[18/03/2021 21:47:31] warning: Deprecated configuration found: traefik.frontend.auth.basic. Please use traefik.frontend.auth.basic.users.
[18/03/2021 21:47:33] warning: Deprecated configuration found: traefik.frontend.auth.basic. Please use traefik.frontend.auth.basic.users.
[18/03/2021 21:47:34] warning: Deprecated configuration found: traefik.frontend.auth.basic. Please use traefik.frontend.auth.basic.users.
[18/03/2021 21:47:35] warning: Deprecated configuration found: traefik.frontend.auth.basic. Please use traefik.frontend.auth.basic.users.
[18/03/2021 21:47:35] warning: Deprecated configuration found: traefik.frontend.auth.basic. Please use traefik.frontend.auth.basic.users.
[18/03/2021 21:47:35] warning: Deprecated configuration found: traefik.frontend.auth.basic. Please use traefik.frontend.auth.basic.users.
[18/03/2021 21:47:39] warning: Deprecated configuration found: traefik.frontend.auth.basic. Please use traefik.frontend.auth.basic.users.
[18/03/2021 21:47:40] warning: Deprecated configuration found: traefik.frontend.auth.basic. Please use traefik.frontend.auth.basic.users.
[18/03/2021 21:47:40] warning: Deprecated configuration found: traefik.frontend.auth.basic. Please use traefik.frontend.auth.basic.users.
[18/03/2021 21:47:43] warning: Deprecated configuration found: traefik.frontend.auth.basic. Please use traefik.frontend.auth.basic.users.
[18/03/2021 21:47:44] warning: Deprecated configuration found: traefik.frontend.auth.basic. Please use traefik.frontend.auth.basic.users.
[18/03/2021 21:47:45] warning: Deprecated configuration found: traefik.frontend.auth.basic. Please use traefik.frontend.auth.basic.users.
[18/03/2021 21:47:45] warning: Deprecated configuration found: traefik.frontend.auth.basic. Please use traefik.frontend.auth.basic.users.
[18/03/2021 21:47:46] warning: Deprecated configuration found: traefik.frontend.auth.basic. Please use traefik.frontend.auth.basic.users.
[18/03/2021 21:47:47] warning: Deprecated configuration found: traefik.frontend.auth.basic. Please use traefik.frontend.auth.basic.users.
[18/03/2021 21:47:49] warning: Deprecated configuration found: traefik.frontend.auth.basic. Please use traefik.frontend.auth.basic.users.
[18/03/2021 21:47:49] warning: Deprecated configuration found: traefik.frontend.auth.basic. Please use traefik.frontend.auth.basic.users.
[18/03/2021 21:47:51] warning: Deprecated configuration found: traefik.frontend.auth.basic. Please use traefik.frontend.auth.basic.users.
[18/03/2021 21:47:54] warning: Deprecated configuration found: traefik.frontend.auth.basic. Please use traefik.frontend.auth.basic.users.
[18/03/2021 21:47:55] warning: Deprecated configuration found: traefik.frontend.auth.basic. Please use traefik.frontend.auth.basic.users.
